<?xml version="1.0" encoding="UTF-8"?><testsuite errors="0" failures="0" name="com.virgingames.virgingamesinfo.VirginGamesTest" skipped="0" tests="3" time="4.57" timestamp="2023-06-17T17:11:56.498+01:00[Europe/London]"><testcase classname="com.virgingames.virgingamesinfo.VirginGamesTest" name="This will generate the data with currency GBP"/><testcase classname="com.virgingames.virgingamesinfo.VirginGamesTest" name="This will generate the data with currency EUR"/><testcase classname="com.virgingames.virgingamesinfo.VirginGamesTest" name="This will generate the data with currency SEK"/></testsuite>